slurmstepd-midway2-0401: error: task/cgroup: unable to add task[pid=40227] to memory cg '(null)'
[C 10:10:14.984 NotebookApp] 
    
    Copy/paste this URL into your browser when you connect for the first time,
    to login with a token:
        http://10.50.222.145:23180/?token=8b3d15e15e89d5d0b4b522432af69853bb71b1afeefce2c5
TermSocket.open: 1
TermSocket.open: Opened 1
[E 11:06:42.715 NotebookApp] Exception restarting kernel
    Traceback (most recent call last):
      File "/project/jnovembre/jhmarcus/src/miniconda3/envs/gp_env/lib/python3.6/site-packages/notebook/services/kernels/handlers.py", line 85, in post
        yield gen.maybe_future(km.restart_kernel(kernel_id))
      File "/project/jnovembre/jhmarcus/src/miniconda3/envs/gp_env/lib/python3.6/site-packages/tornado/gen.py", line 1099, in run
        value = future.result()
    tornado.util.TimeoutError: Timeout waiting for restart
[E 11:06:42.998 NotebookApp] {
      "Host": "10.50.222.145:23180",
      "Connection": "keep-alive",
      "Content-Length": "0",
      "Authorization": "token 8b3d15e15e89d5d0b4b522432af69853bb71b1afeefce2c5",
      "Origin": "http://10.50.222.145:23180",
      "User-Agent": "Mozilla/5.0 (Macintosh; Intel Mac OS X 10_13_3) AppleWebKit/537.36 (KHTML, like Gecko) Chrome/65.0.3325.181 Safari/537.36",
      "Content-Type": "application/json",
      "Accept": "*/*",
      "Referer": "http://10.50.222.145:23180/lab",
      "Accept-Encoding": "gzip, deflate",
      "Accept-Language": "en-US,en;q=0.9",
      "Cookie": "_xsrf=2|b20cee49|ad180fbb5392786274deca6f94a790c9|1522438175; username-10-50-222-145-11285=\"2|1:0|10:1522438851|28:username-10-50-222-145-11285|44:MzViY2RiNmJiZmQxNDkzNTg1MzQzMjI4ZTRlMGYxODE=|d52fad87e9c3f91dff765175dddda9c200daa5073ca54c3739fac91aa78bb9b2\"; username-10-50-222-145-14552=\"2|1:0|10:1522513938|28:username-10-50-222-145-14552|44:MGE0ZDEzZWMwZTMzNGU1NmFlNWFhY2IxN2Y0NWFhNGI=|daf78926e0843d612a2ea84ba83937b6fa69e724df9a1f94ede2391b6174758c\"; username-10-50-222-145-27591=\"2|1:0|10:1522697278|28:username-10-50-222-145-27591|44:ODc4NTUyMmEwYTM1NGRjMzg2ZDYwMGQwNTVkYzdmOWY=|4e6632131e63e7e59ab8f02169826588bba35aa796d6ac46afd40f8dd14beccb\"; username-10-50-222-145-25145=\"2|1:0|10:1522699751|28:username-10-50-222-145-25145|44:ZjdiYzVmYmRiMGNhNDYyM2E2MjAzOTg3MWYyYTliMWE=|0b9a06c173b8158d7f9c90dd65c8f96da76ab246c46d85f64a32dc7bd1465e9e\"; username-10-50-222-145-28826=\"2|1:0|10:1522718237|28:username-10-50-222-145-28826|44:NTZhMzNhNjQ5ODRhNDAwY2IxNjJlNmRiYzI3MzRkNjk=|48bd87467d80c70016977141009e4be81230481223a2f1c929eff90c6f790b5d\"; username-10-50-222-145-11848=\"2|1:0|10:1522760711|28:username-10-50-222-145-11848|44:NzFiZjIyMDRmYTU5NDFmOGE2NzkxNzVkYzNiODE5ZTc=|42aa8988d77a4089b47136ff2778d0fbb2332895e52d6336d8469cd0c3065e40\"; username-10-50-222-145-23180=\"2|1:0|10:1522771567|28:username-10-50-222-145-23180|44:NTZjNjkyZGJlMzhlNGU5N2I0MDgxZjY3MjRmNjhjYmY=|93ec73708a92a5f8ef6c7b3d0e190def743130e76559423c06343efc2af2ecf6\""
    }
[E 11:06:42.998 NotebookApp] 500 POST /api/kernels/3b5b7b1b-bb75-4194-a4b2-864911935fff/restart?1522771571624 (10.150.57.8) 31368.78ms referer=http://10.50.222.145:23180/lab
TermSocket.open: 2
TermSocket.open: Opened 2
