[C 10:47:55.427 NotebookApp] 
    
    Copy/paste this URL into your browser when you connect for the first time,
    to login with a token:
        http://10.50.222.147:21986/?token=82b5b38b02ae3cf6bef3e6d3f10d06813dd5df5a90484179
Traceback (most recent call last):
  File "/project/jnovembre/jhmarcus/src/miniconda3/envs/gp_env/lib/python3.6/runpy.py", line 193, in _run_module_as_main
    "__main__", mod_spec)
  File "/project/jnovembre/jhmarcus/src/miniconda3/envs/gp_env/lib/python3.6/runpy.py", line 85, in _run_code
    exec(code, run_globals)
  File "/project/jnovembre/jhmarcus/src/miniconda3/envs/gp_env/lib/python3.6/site-packages/ipykernel_launcher.py", line 15, in <module>
    from ipykernel import kernelapp as app
  File "/project/jnovembre/jhmarcus/src/miniconda3/envs/gp_env/lib/python3.6/site-packages/ipykernel/__init__.py", line 2, in <module>
    from .connect import *
  File "/project/jnovembre/jhmarcus/src/miniconda3/envs/gp_env/lib/python3.6/site-packages/ipykernel/connect.py", line 13, in <module>
    from IPython.core.profiledir import ProfileDir
  File "/project/jnovembre/jhmarcus/src/miniconda3/envs/gp_env/lib/python3.6/site-packages/IPython/__init__.py", line 55, in <module>
    from .terminal.embed import embed
  File "/project/jnovembre/jhmarcus/src/miniconda3/envs/gp_env/lib/python3.6/site-packages/IPython/terminal/embed.py", line 16, in <module>
    from IPython.terminal.interactiveshell import TerminalInteractiveShell
  File "/project/jnovembre/jhmarcus/src/miniconda3/envs/gp_env/lib/python3.6/site-packages/IPython/terminal/interactiveshell.py", line 18, in <module>
    from prompt_toolkit.document import Document
  File "/project/jnovembre/jhmarcus/src/miniconda3/envs/gp_env/lib/python3.6/site-packages/prompt_toolkit/__init__.py", line 16, in <module>
    from .interface import CommandLineInterface
  File "/project/jnovembre/jhmarcus/src/miniconda3/envs/gp_env/lib/python3.6/site-packages/prompt_toolkit/interface.py", line 19, in <module>
    from .application import Application, AbortAction
  File "/project/jnovembre/jhmarcus/src/miniconda3/envs/gp_env/lib/python3.6/site-packages/prompt_toolkit/application.py", line 8, in <module>
    from .key_binding.bindings.basic import load_basic_bindings
  File "/project/jnovembre/jhmarcus/src/miniconda3/envs/gp_env/lib/python3.6/site-packages/prompt_toolkit/key_binding/bindings/basic.py", line 7, in <module>
  File "<frozen importlib._bootstrap>", line 971, in _find_and_load
  File "<frozen importlib._bootstrap>", line 955, in _find_and_load_unlocked
  File "<frozen importlib._bootstrap>", line 665, in _load_unlocked
  File "<frozen importlib._bootstrap_external>", line 674, in exec_module
  File "<frozen importlib._bootstrap_external>", line 764, in get_code
  File "<frozen importlib._bootstrap_external>", line 832, in get_data
KeyboardInterrupt
Traceback (most recent call last):
  File "/project/jnovembre/jhmarcus/src/miniconda3/envs/gp_env/lib/python3.6/runpy.py", line 193, in _run_module_as_main
    "__main__", mod_spec)
  File "/project/jnovembre/jhmarcus/src/miniconda3/envs/gp_env/lib/python3.6/runpy.py", line 85, in _run_code
    exec(code, run_globals)
  File "/project/jnovembre/jhmarcus/src/miniconda3/envs/gp_env/lib/python3.6/site-packages/ipykernel_launcher.py", line 15, in <module>
    from ipykernel import kernelapp as app
  File "/project/jnovembre/jhmarcus/src/miniconda3/envs/gp_env/lib/python3.6/site-packages/ipykernel/__init__.py", line 2, in <module>
    from .connect import *
  File "/project/jnovembre/jhmarcus/src/miniconda3/envs/gp_env/lib/python3.6/site-packages/ipykernel/connect.py", line 13, in <module>
    from IPython.core.profiledir import ProfileDir
  File "/project/jnovembre/jhmarcus/src/miniconda3/envs/gp_env/lib/python3.6/site-packages/IPython/__init__.py", line 55, in <module>
    from .terminal.embed import embed
  File "/project/jnovembre/jhmarcus/src/miniconda3/envs/gp_env/lib/python3.6/site-packages/IPython/terminal/embed.py", line 16, in <module>
    from IPython.terminal.interactiveshell import TerminalInteractiveShell
  File "/project/jnovembre/jhmarcus/src/miniconda3/envs/gp_env/lib/python3.6/site-packages/IPython/terminal/interactiveshell.py", line 18, in <module>
    from prompt_toolkit.document import Document
  File "/project/jnovembre/jhmarcus/src/miniconda3/envs/gp_env/lib/python3.6/site-packages/prompt_toolkit/__init__.py", line 16, in <module>
    from .interface import CommandLineInterface
  File "/project/jnovembre/jhmarcus/src/miniconda3/envs/gp_env/lib/python3.6/site-packages/prompt_toolkit/interface.py", line 19, in <module>
    from .application import Application, AbortAction
  File "/project/jnovembre/jhmarcus/src/miniconda3/envs/gp_env/lib/python3.6/site-packages/prompt_toolkit/application.py", line 9, in <module>
    from .key_binding.bindings.emacs import load_emacs_bindings
  File "<frozen importlib._bootstrap>", line 971, in _find_and_load
  File "<frozen importlib._bootstrap>", line 955, in _find_and_load_unlocked
  File "<frozen importlib._bootstrap>", line 665, in _load_unlocked
  File "<frozen importlib._bootstrap_external>", line 674, in exec_module
  File "<frozen importlib._bootstrap_external>", line 764, in get_code
  File "<frozen importlib._bootstrap_external>", line 833, in get_data
KeyboardInterrupt
2018-04-09 13:40:25.560734: I tensorflow/core/platform/cpu_feature_guard.cc:140] Your CPU supports instructions that this TensorFlow binary was not compiled to use: AVX2 FMA
2018-04-09 13:59:35.925421: I tensorflow/core/platform/cpu_feature_guard.cc:140] Your CPU supports instructions that this TensorFlow binary was not compiled to use: AVX2 FMA
2018-04-09 14:14:52.189257: I tensorflow/core/platform/cpu_feature_guard.cc:140] Your CPU supports instructions that this TensorFlow binary was not compiled to use: AVX2 FMA
2018-04-09 14:21:22.924455: I tensorflow/core/platform/cpu_feature_guard.cc:140] Your CPU supports instructions that this TensorFlow binary was not compiled to use: AVX2 FMA
2018-04-09 14:31:22.060951: I tensorflow/core/platform/cpu_feature_guard.cc:140] Your CPU supports instructions that this TensorFlow binary was not compiled to use: AVX2 FMA
2018-04-09 16:09:37.724995: I tensorflow/core/platform/cpu_feature_guard.cc:140] Your CPU supports instructions that this TensorFlow binary was not compiled to use: AVX2 FMA
2018-04-09 16:23:34.662957: I tensorflow/core/platform/cpu_feature_guard.cc:140] Your CPU supports instructions that this TensorFlow binary was not compiled to use: AVX2 FMA
Traceback (most recent call last):
  File "/project/jnovembre/jhmarcus/src/miniconda3/envs/gp_env/lib/python3.6/runpy.py", line 193, in _run_module_as_main
    "__main__", mod_spec)
  File "/project/jnovembre/jhmarcus/src/miniconda3/envs/gp_env/lib/python3.6/runpy.py", line 85, in _run_code
    exec(code, run_globals)
  File "/project/jnovembre/jhmarcus/src/miniconda3/envs/gp_env/lib/python3.6/site-packages/ipykernel_launcher.py", line 15, in <module>
    from ipykernel import kernelapp as app
  File "/project/jnovembre/jhmarcus/src/miniconda3/envs/gp_env/lib/python3.6/site-packages/ipykernel/__init__.py", line 2, in <module>
    from .connect import *
  File "/project/jnovembre/jhmarcus/src/miniconda3/envs/gp_env/lib/python3.6/site-packages/ipykernel/connect.py", line 13, in <module>
    from IPython.core.profiledir import ProfileDir
  File "/project/jnovembre/jhmarcus/src/miniconda3/envs/gp_env/lib/python3.6/site-packages/IPython/__init__.py", line 54, in <module>
    from .core.application import Application
  File "/project/jnovembre/jhmarcus/src/miniconda3/envs/gp_env/lib/python3.6/site-packages/IPython/core/application.py", line 25, in <module>
    from IPython.core import release, crashhandler
  File "/project/jnovembre/jhmarcus/src/miniconda3/envs/gp_env/lib/python3.6/site-packages/IPython/core/crashhandler.py", line 27, in <module>
    from IPython.core import ultratb
  File "/project/jnovembre/jhmarcus/src/miniconda3/envs/gp_env/lib/python3.6/site-packages/IPython/core/ultratb.py", line 115, in <module>
    from IPython.core import debugger
  File "/project/jnovembre/jhmarcus/src/miniconda3/envs/gp_env/lib/python3.6/site-packages/IPython/core/debugger.py", line 38, in <module>
  File "/project/jnovembre/jhmarcus/src/miniconda3/envs/gp_env/lib/python3.6/site-packages/IPython/utils/PyColorize.py", line 47, in <module>
    from .colorable import Colorable
  File "<frozen importlib._bootstrap>", line 971, in _find_and_load
  File "<frozen importlib._bootstrap>", line 955, in _find_and_load_unlocked
  File "<frozen importlib._bootstrap>", line 665, in _load_unlocked
  File "<frozen importlib._bootstrap_external>", line 674, in exec_module
  File "<frozen importlib._bootstrap_external>", line 764, in get_code
  File "<frozen importlib._bootstrap_external>", line 833, in get_data
KeyboardInterrupt
2018-04-09 16:38:10.642308: I tensorflow/core/platform/cpu_feature_guard.cc:140] Your CPU supports instructions that this TensorFlow binary was not compiled to use: AVX2 FMA
slurmstepd-midway2-0403: error: *** JOB 44968773 ON midway2-0403 CANCELLED AT 2018-04-09T18:47:12 DUE TO TIME LIMIT ***
